<?xml version="1.0" encoding="UTF-8"?>
<testsuite name="TC_Linx4PyUser" tests="4" time="0.00367599" failures="0" errors="0" skipped="0" assertions="12">
  <testcase name="test_testuser_describe" time="0.000738239" assertions="3">
  </testcase>
  <testcase name="test_testuser_printoptions" time="0.000618211" assertions="2">
  </testcase>
  <testcase name="test_user_argumentcheck_1" time="0.000678176" assertions="1">
  </testcase>
  <testcase name="test_user_parsecommandline" time="0.001234986" assertions="6">
  </testcase>
  <system-out>
  </system-out>
  <system-err>
  </system-err>
</testsuite>
