<?xml version="1.0" encoding="UTF-8"?>
<testsuite name="TC_TestUser" tests="4" time="0.005837328" failures="0" errors="0" skipped="0" assertions="12">
  <testcase name="test_testuser_describe" time="0.000887945" assertions="3">
  </testcase>
  <testcase name="test_testuser_printoptions" time="0.00073895" assertions="2">
  </testcase>
  <testcase name="test_user_argumentcheck_1" time="0.000892358" assertions="1">
  </testcase>
  <testcase name="test_user_parsecommandline" time="0.001317105" assertions="6">
  </testcase>
  <system-out>
  </system-out>
  <system-err>
  </system-err>
</testsuite>
