<?xml version="1.0" encoding="UTF-8"?>
<testsuite name="TC_TCrubyparse" tests="3" time="0.059091548" failures="0" errors="0" skipped="0" assertions="12">
  <testcase name="test_parser_atc" time="0.025174073" assertions="4">
  </testcase>
  <testcase name="test_parser_tables" time="0.017712235" assertions="4">
  </testcase>
  <testcase name="test_parser_transition" time="0.013520026" assertions="4">
  </testcase>
  <system-out>
  </system-out>
  <system-err>
  </system-err>
</testsuite>
