<?xml version="1.0" encoding="UTF-8"?>
<testsuite name="TC_Emit" tests="23" time="0.322132139" failures="0" errors="0" skipped="0" assertions="60">
  <testcase name="test_regtally" time="0.000876954" assertions="3">
  </testcase>
  <testcase name="test_signalclass_generateattrlist" time="0.000607661" assertions="1">
  </testcase>
  <testcase name="test_signalclass_generateconstructor" time="0.000621946" assertions="1">
  </testcase>
  <testcase name="test_signalclass_generateprelude" time="0.000521357" assertions="2">
  </testcase>
  <testcase name="test_signalclass_generatesignalclass" time="0.00057127" assertions="2">
  </testcase>
  <testcase name="test_signalclass_guessdynarray_1" time="0.000624885" assertions="1">
  </testcase>
  <testcase name="test_signalclass_guessdynarray_2" time="0.000638853" assertions="2">
  </testcase>
  <testcase name="test_signalclass_ind" time="0.000553236" assertions="2">
  </testcase>
  <testcase name="test_signalclass_initialize" time="0.000734573" assertions="9">
  </testcase>
  <testcase name="test_signalclass_makehash" time="0.000604085" assertions="1">
  </testcase>
  <testcase name="test_signalclass_pathfromroot" time="0.00058582" assertions="3">
  </testcase>
  <testcase name="test_signalclass_s" time="0.000484728" assertions="1">
  </testcase>
  <testcase name="test_signalclass_visitarray_1" time="0.000587066" assertions="2">
  </testcase>
  <testcase name="test_signalclass_visitarray_2" time="0.301846374" assertions="3">
  </testcase>
  <testcase name="test_signalclass_visitenum" time="0.000621601" assertions="2">
  </testcase>
  <testcase name="test_signalclass_visitnode_1" time="0.000678179" assertions="3">
  </testcase>
  <testcase name="test_signalclass_visitnode_2" time="0.000923203" assertions="4">
  </testcase>
  <testcase name="test_signalclass_visitnode_3" time="0.000712777" assertions="3">
  </testcase>
  <testcase name="test_signalclass_visitnode_4" time="0.004209563" assertions="3">
  </testcase>
  <testcase name="test_signalclass_visitnode_5" time="0.00077783" assertions="3">
  </testcase>
  <testcase name="test_signalclass_visitnumeric" time="0.000764102" assertions="4">
  </testcase>
  <testcase name="test_signalclass_visitstruct" time="0.000688365" assertions="4">
  </testcase>
  <testcase name="test_string_up" time="0.000512015" assertions="1">
  </testcase>
  <system-out>
  </system-out>
  <system-err>
  </system-err>
</testsuite>
