<?xml version="1.0" encoding="UTF-8"?>
<testsuite name="TC_SigpaUser" tests="5" time="0.827296999" failures="0" errors="0" skipped="0" assertions="17">
  <testcase name="test_testuser_describe" time="0.000761148" assertions="3">
  </testcase>
  <testcase name="test_testuser_printoptions" time="0.000710889" assertions="2">
  </testcase>
  <testcase name="test_user_argumentcheck_1" time="0.001484214" assertions="1">
  </testcase>
  <testcase name="test_user_argumentcheck_2" time="0.821218275" assertions="1">
  </testcase>
  <testcase name="test_user_parsecommandline" time="0.001868247" assertions="10">
  </testcase>
  <system-out>
  </system-out>
  <system-err>
  </system-err>
</testsuite>
